#
# A fatal error has been detected by the Java Runtime Environment:
#
#  SIGSEGV (0xb) at pc=0x00000ea6, pid=3758, tid=2029185904
#
# JRE version: 6.0_23-b23
# Java VM: OpenJDK Server VM (20.0-b11 mixed mode linux-x86 )
# Derivative: IcedTea6 1.11pre
# Distribution: Ubuntu 11.10, package 6b23~pre11-0ubuntu1.11.10.1
# Problematic frame:
# C  0x00000ea6
[error occurred during error reporting (printing problematic frame), id 0xb]

# If you would like to submit a bug report, please include
# instructions how to reproduce the bug and visit:
#   https://bugs.launchpad.net/ubuntu/+source/openjdk-6/
# The crash happened outside the Java Virtual Machine in native code.
# See problematic frame for where to report the bug.
#

---------------  T H R E A D  ---------------

Current thread (0x79ad6800):  JavaThread "Thread-16" [_thread_in_native, id=3794, stack(0x78ede000,0x78f2f000)]

siginfo:si_signo=SIGSEGV: si_errno=0, si_code=1 (SEGV_MAPERR), si_addr=0x00000ea6

Registers:
EAX=0x00000019, EBX=0x002bbff4, ECX=0xb7849000, EDX=0x0181932c
ESP=0x78f2de6c, EBP=0x78f2dec8, ESI=0x79ad6920, EDI=0x08d2c27c
EIP=0x00000ea6, EFLAGS=0x00210202, CR2=0x00000ea6

Top of Stack: (sp=0x78f2de6c)
0x78f2de6c:   002b9a0d 00000019 78f2dea8 00000008
0x78f2de7c:   002ba46b 01801ff4 79ad7500 fffffffd
0x78f2de8c:   01801ff4 0028fcf9 79ad6800 01801ff4
0x78f2de9c:   00000019 00000001 78f2dec8 00000000
0x78f2deac:   01801ff4 b3f86b7a 0000018b 0000018b
0x78f2debc:   7a65a6c0 7a65a6b8 79ad6800 78f2df04
0x78f2decc:   b47f064a 79ad6920 78f2df0c 00000019
0x78f2dedc:   00000000 78f2df14 78f2dee4 00000000 

Instructions: (pc=0x00000ea6)
0x00000e86:   
[error occurred during error reporting (printing registers, top of stack, instructions near pc), id 0xb]

Register to memory mapping:

EAX=0x00000019 is an unknown value
EBX=
[error occurred during error reporting (printing register info), id 0xb]

Stack: [0x78ede000,0x78f2f000],  sp=0x78f2de6c,  free space=319k
Native frames: (J=compiled Java code, j=interpreted, Vv=VM code, C=native code)
C  0x00000ea6
[error occurred during error reporting (printing native stack), id 0xb]

Java frames: (J=compiled Java code, j=interpreted, Vv=VM code)
j  net.java.games.input.LinuxJoystickDevice.nGetNextEvent(JLnet/java/games/input/LinuxJoystickEvent;)Z+0
j  net.java.games.input.LinuxJoystickDevice.getNextDeviceEvent(Lnet/java/games/input/LinuxJoystickEvent;)Z+5
j  net.java.games.input.LinuxJoystickDevice.poll()V+9
j  net.java.games.input.LinuxJoystickAbstractController.pollDevice()V+4
J  net.java.games.input.AbstractController.poll()Z
j  remoteController.run()V+4
j  java.lang.Thread.run()V+11
v  ~StubRoutines::call_stub

---------------  P R O C E S S  ---------------

Java Threads: ( => current thread )
  0x79adb000 JavaThread "DestroyJavaVM" [_thread_blocked, id=3759, stack(0xb77e6000,0xb7837000)]
=>0x79ad6800 JavaThread "Thread-16" [_thread_in_native, id=3794, stack(0x78ede000,0x78f2f000)]
  0x79ad4c00 JavaThread "Thread-15" [_thread_blocked, id=3793, stack(0x78f2f000,0x78f80000)]
  0x79ad3400 JavaThread "Thread-14" [_thread_blocked, id=3792, stack(0x78f80000,0x78fd1000)]
  0x79ad1c00 JavaThread "Thread-13" [_thread_blocked, id=3791, stack(0x78fd1000,0x79022000)]
  0x79ace800 JavaThread "Thread-11" [_thread_blocked, id=3789, stack(0x79073000,0x790c4000)]
  0x79a79000 JavaThread "Thread-4" [_thread_blocked, id=3782, stack(0x792aa000,0x792fb000)]
  0x79ac1c00 JavaThread "Thread-3" [_thread_blocked, id=3781, stack(0x792fb000,0x7934c000)]
  0x08e18c00 JavaThread "Thread-1" daemon [_thread_blocked, id=3780, stack(0x7934f000,0x793a0000)]
  0x08ddc400 JavaThread "Low Memory Detector" daemon [_thread_blocked, id=3778, stack(0x79429000,0x7947a000)]
  0x08dda800 JavaThread "C2 CompilerThread1" daemon [_thread_blocked, id=3777, stack(0x7947a000,0x794fb000)]
  0x08dd8400 JavaThread "C2 CompilerThread0" daemon [_thread_blocked, id=3776, stack(0x794fb000,0x7957c000)]
  0x08dd7000 JavaThread "Signal Dispatcher" daemon [_thread_blocked, id=3775, stack(0x7957c000,0x795cd000)]
  0x08dc7400 JavaThread "Finalizer" daemon [_thread_blocked, id=3774, stack(0x797cd000,0x7981e000)]
  0x08dc2800 JavaThread "Reference Handler" daemon [_thread_blocked, id=3773, stack(0x7981e000,0x7986f000)]

Other Threads:
  0x08dbec00 VMThread [stack: 0x79b45000,0x79bc6000] [id=3772]
  0x08de6400 WatcherThread [stack: 0x793a8000,0x79429000] [id=3779]

VM state:not at safepoint (normal execution)

VM Mutex/Monitor currently owned by a thread: None

Heap
 PSYoungGen      total 15040K, used 4664K [0xa3b20000, 0xa4be0000, 0xb4720000)
  eden space 12928K, 36% used [0xa3b20000,0xa3fae0f8,0xa47c0000)
  from space 2112K, 0% used [0xa49d0000,0xa49d0000,0xa4be0000)
  to   space 2112K, 0% used [0xa47c0000,0xa47c0000,0xa49d0000)
 PSOldGen        total 34304K, used 0K [0x82320000, 0x844a0000, 0xa3b20000)
  object space 34304K, 0% used [0x82320000,0x82320000,0x844a0000)
 PSPermGen       total 16384K, used 3336K [0x7a320000, 0x7b320000, 0x82320000)
  object space 16384K, 20% used [0x7a320000,0x7a662228,0x7b320000)

Code Cache  [0xb47e6000, 0xb4a26000, 0xb77e6000)
 total_blobs=132 nmethods=19 adapters=67 free_code_cache=50006912 largest_free_block=9472

Dynamic libraries:
00110000-00286000 r-xp 00000000 07:00 134344     /lib/i386-linux-gnu/libc-2.13.so
00286000-00288000 r--p 00176000 07:00 134344     /lib/i386-linux-gnu/libc-2.13.so
00288000-00289000 rw-p 00178000 07:00 134344     /lib/i386-linux-gnu/libc-2.13.so
00289000-0028c000 rw-p 00000000 00:00 0 
0028c000-00293000 r-xp 00000000 07:00 134408     /lib/i386-linux-gnu/librt-2.13.so
00293000-00294000 r--p 00006000 07:00 134408     /lib/i386-linux-gnu/librt-2.13.so
00294000-00295000 rw-p 00007000 07:00 134408     /lib/i386-linux-gnu/librt-2.13.so
00295000-002a0000 r-xp 00000000 07:00 285229     /usr/lib/jvm/java-6-openjdk/jre/lib/i386/libverify.so
002a0000-002a1000 ---p 0000b000 07:00 285229     /usr/lib/jvm/java-6-openjdk/jre/lib/i386/libverify.so
002a1000-002a2000 r--p 0000b000 07:00 285229     /usr/lib/jvm/java-6-openjdk/jre/lib/i386/libverify.so
002a2000-002a3000 rw-p 0000c000 07:00 285229     /usr/lib/jvm/java-6-openjdk/jre/lib/i386/libverify.so
002a3000-002ad000 r-xp 00000000 07:00 134389     /lib/i386-linux-gnu/libnss_nis-2.13.so
002ad000-002ae000 r--p 00009000 07:00 134389     /lib/i386-linux-gnu/libnss_nis-2.13.so
002ae000-002af000 rw-p 0000a000 07:00 134389     /lib/i386-linux-gnu/libnss_nis-2.13.so
002af000-002b6000 r-xp 00000000 07:00 285206     /usr/lib/jvm/java-6-openjdk/jre/lib/i386/libzip.so
002b6000-002b7000 r--p 00006000 07:00 285206     /usr/lib/jvm/java-6-openjdk/jre/lib/i386/libzip.so
002b7000-002b8000 rw-p 00007000 07:00 285206     /usr/lib/jvm/java-6-openjdk/jre/lib/i386/libzip.so
002b8000-002bb000 r-xp 00000000 07:00 288355     /usr/lib/libjinput-linux.so
002bb000-002bc000 r--p 00002000 07:00 288355     /usr/lib/libjinput-linux.so
002bc000-002bd000 rw-p 00003000 07:00 288355     /usr/lib/libjinput-linux.so
003d3000-003ef000 r-xp 00000000 07:00 134365     /lib/i386-linux-gnu/libgcc_s.so.1
003ef000-003f0000 r--p 0001b000 07:00 134365     /lib/i386-linux-gnu/libgcc_s.so.1
003f0000-003f1000 rw-p 0001c000 07:00 134365     /lib/i386-linux-gnu/libgcc_s.so.1
0045b000-0045c000 r-xp 00000000 00:00 0          [vdso]
004f3000-0051b000 r-xp 00000000 07:00 134374     /lib/i386-linux-gnu/libm-2.13.so
0051b000-0051c000 r--p 00028000 07:00 134374     /lib/i386-linux-gnu/libm-2.13.so
0051c000-0051d000 rw-p 00029000 07:00 134374     /lib/i386-linux-gnu/libm-2.13.so
00539000-0053c000 r-xp 00000000 07:00 134355     /lib/i386-linux-gnu/libdl-2.13.so
0053c000-0053d000 r--p 00002000 07:00 134355     /lib/i386-linux-gnu/libdl-2.13.so
0053d000-0053e000 rw-p 00003000 07:00 134355     /lib/i386-linux-gnu/libdl-2.13.so
00567000-00585000 r-xp 00000000 07:00 134331     /lib/i386-linux-gnu/ld-2.13.so
00585000-00586000 r--p 0001d000 07:00 134331     /lib/i386-linux-gnu/ld-2.13.so
00586000-00587000 rw-p 0001e000 07:00 134331     /lib/i386-linux-gnu/ld-2.13.so
005ff000-00607000 r-xp 00000000 07:00 134381     /lib/i386-linux-gnu/libnss_compat-2.13.so
00607000-00608000 r--p 00007000 07:00 134381     /lib/i386-linux-gnu/libnss_compat-2.13.so
00608000-00609000 rw-p 00008000 07:00 134381     /lib/i386-linux-gnu/libnss_compat-2.13.so
00676000-0069c000 r-xp 00000000 07:00 285201     /usr/lib/jvm/java-6-openjdk/jre/lib/i386/libjava.so
0069c000-0069d000 r--p 00025000 07:00 285201     /usr/lib/jvm/java-6-openjdk/jre/lib/i386/libjava.so
0069d000-0069f000 rw-p 00026000 07:00 285201     /usr/lib/jvm/java-6-openjdk/jre/lib/i386/libjava.so
00852000-00930000 r-xp 00000000 07:00 268381     /usr/lib/i386-linux-gnu/libstdc++.so.6.0.16
00930000-00931000 ---p 000de000 07:00 268381     /usr/lib/i386-linux-gnu/libstdc++.so.6.0.16
00931000-00935000 r--p 000de000 07:00 268381     /usr/lib/i386-linux-gnu/libstdc++.so.6.0.16
00935000-00936000 rw-p 000e2000 07:00 268381     /usr/lib/i386-linux-gnu/libstdc++.so.6.0.16
00936000-0093d000 rw-p 00000000 00:00 0 
00ccf000-00ce4000 r-xp 00000000 07:00 134379     /lib/i386-linux-gnu/libnsl-2.13.so
00ce4000-00ce5000 r--p 00015000 07:00 134379     /lib/i386-linux-gnu/libnsl-2.13.so
00ce5000-00ce6000 rw-p 00016000 07:00 134379     /lib/i386-linux-gnu/libnsl-2.13.so
00ce6000-00ce8000 rw-p 00000000 00:00 0 
00d01000-00d0c000 r-xp 00000000 07:00 134385     /lib/i386-linux-gnu/libnss_files-2.13.so
00d0c000-00d0d000 r--p 0000a000 07:00 134385     /lib/i386-linux-gnu/libnss_files-2.13.so
00d0d000-00d0e000 rw-p 0000b000 07:00 134385     /lib/i386-linux-gnu/libnss_files-2.13.so
00f1b000-00f1f000 r-xp 00000000 07:00 285210     /usr/lib/jvm/java-6-openjdk/jre/lib/i386/jli/libjli.so
00f1f000-00f20000 r--p 00003000 07:00 285210     /usr/lib/jvm/java-6-openjdk/jre/lib/i386/jli/libjli.so
00f20000-00f21000 rw-p 00004000 07:00 285210     /usr/lib/jvm/java-6-openjdk/jre/lib/i386/jli/libjli.so
00f46000-00f59000 r-xp 00000000 07:00 134427     /lib/i386-linux-gnu/libz.so.1.2.3.4
00f59000-00f5a000 r--p 00012000 07:00 134427     /lib/i386-linux-gnu/libz.so.1.2.3.4
00f5a000-00f5b000 rw-p 00013000 07:00 134427     /lib/i386-linux-gnu/libz.so.1.2.3.4
00f84000-00f9b000 r-xp 00000000 07:00 134404     /lib/i386-linux-gnu/libpthread-2.13.so
00f9b000-00f9c000 r--p 00016000 07:00 134404     /lib/i386-linux-gnu/libpthread-2.13.so
00f9c000-00f9d000 rw-p 00017000 07:00 134404     /lib/i386-linux-gnu/libpthread-2.13.so
00f9d000-00f9f000 rw-p 00000000 00:00 0 
00f9f000-017bd000 r-xp 00000000 07:00 285220     /usr/lib/jvm/java-6-openjdk/jre/lib/i386/server/libjvm.so
017bd000-01802000 r--p 0081e000 07:00 285220     /usr/lib/jvm/java-6-openjdk/jre/lib/i386/server/libjvm.so
01802000-01811000 rw-p 00863000 07:00 285220     /usr/lib/jvm/java-6-openjdk/jre/lib/i386/server/libjvm.so
01811000-01c2b000 rw-p 00000000 00:00 0 
08048000-08051000 r-xp 00000000 07:00 285170     /usr/lib/jvm/java-6-openjdk/jre/bin/java
08051000-08052000 r--p 00008000 07:00 285170     /usr/lib/jvm/java-6-openjdk/jre/bin/java
08052000-08053000 rw-p 00009000 07:00 285170     /usr/lib/jvm/java-6-openjdk/jre/bin/java
08cca000-08ea2000 rw-p 00000000 00:00 0          [heap]
78ede000-78ee1000 ---p 00000000 00:00 0 
78ee1000-78f2f000 rw-p 00000000 00:00 0 
78f2f000-78f32000 ---p 00000000 00:00 0 
78f32000-78f80000 rw-p 00000000 00:00 0 
78f80000-78f83000 ---p 00000000 00:00 0 
78f83000-78fd1000 rw-p 00000000 00:00 0 
78fd1000-78fd4000 ---p 00000000 00:00 0 
78fd4000-79022000 rw-p 00000000 00:00 0 
79022000-79025000 ---p 00000000 00:00 0 
79025000-79073000 rw-p 00000000 00:00 0 
79073000-79076000 ---p 00000000 00:00 0 
79076000-790c4000 rw-p 00000000 00:00 0 
790c4000-790c7000 ---p 00000000 00:00 0 
790c7000-79115000 rw-p 00000000 00:00 0 
79115000-79118000 ---p 00000000 00:00 0 
79118000-79166000 rw-p 00000000 00:00 0 
79166000-79169000 ---p 00000000 00:00 0 
79169000-791b7000 rw-p 00000000 00:00 0 
791b7000-791ba000 ---p 00000000 00:00 0 
791ba000-79208000 rw-p 00000000 00:00 0 
79208000-7920b000 ---p 00000000 00:00 0 
7920b000-79259000 rw-p 00000000 00:00 0 
79259000-7925c000 ---p 00000000 00:00 0 
7925c000-792aa000 rw-p 00000000 00:00 0 
792aa000-792ad000 ---p 00000000 00:00 0 
792ad000-792fb000 rw-p 00000000 00:00 0 
792fb000-792fe000 ---p 00000000 00:00 0 
792fe000-7934c000 rw-p 00000000 00:00 0 
7934c000-7934f000 r--s 00077000 07:00 263604     /usr/lib/jvm/java-6-openjdk/jre/lib/ext/localedata.jar
7934f000-79352000 ---p 00000000 00:00 0 
79352000-793a0000 rw-p 00000000 00:00 0 
793a0000-793a8000 r--s 00066000 07:00 285585     /usr/share/java/gnome-java-bridge.jar
793a8000-793a9000 ---p 00000000 00:00 0 
793a9000-79429000 rw-p 00000000 00:00 0 
79429000-7942c000 ---p 00000000 00:00 0 
7942c000-7947a000 rw-p 00000000 00:00 0 
7947a000-7947d000 ---p 00000000 00:00 0 
7947d000-794fb000 rw-p 00000000 00:00 0 
794fb000-794fe000 ---p 00000000 00:00 0 
794fe000-7957c000 rw-p 00000000 00:00 0 
7957c000-7957f000 ---p 00000000 00:00 0 
7957f000-795cd000 rw-p 00000000 00:00 0 
795cd000-797cd000 r--p 00000000 07:00 396462     /usr/lib/locale/locale-archive
797cd000-797d0000 ---p 00000000 00:00 0 
797d0000-7981e000 rw-p 00000000 00:00 0 
7981e000-79821000 ---p 00000000 00:00 0 
79821000-7986f000 rw-p 00000000 00:00 0 
7986f000-79a00000 r--s 037b8000 07:00 285242     /usr/lib/jvm/java-6-openjdk/jre/lib/rt.jar
79a00000-79ae7000 rw-p 00000000 00:00 0 
79ae7000-79b00000 ---p 00000000 00:00 0 
79b02000-79b05000 r--s 0007d000 07:00 263579     /usr/lib/jvm/java-6-openjdk/jre/lib/jsse.jar
79b05000-79b45000 r--p 002bd000 07:00 396462     /usr/lib/locale/locale-archive
79b45000-79b46000 ---p 00000000 00:00 0 
79b46000-79bf9000 rw-p 00000000 00:00 0 
79bf9000-79bfa000 ---p 00000000 00:00 0 
79bfa000-79c7a000 rw-p 00000000 00:00 0 
79c7a000-79c7b000 ---p 00000000 00:00 0 
79c7b000-79cfb000 rw-p 00000000 00:00 0 
79cfb000-79cfc000 ---p 00000000 00:00 0 
79cfc000-79d7c000 rw-p 00000000 00:00 0 
79d7c000-79d7d000 ---p 00000000 00:00 0 
79d7d000-79dfd000 rw-p 00000000 00:00 0 
79dfd000-79dfe000 ---p 00000000 00:00 0 
79dfe000-79e7e000 rw-p 00000000 00:00 0 
79e7e000-79e7f000 ---p 00000000 00:00 0 
79e7f000-79eff000 rw-p 00000000 00:00 0 
79eff000-79f00000 ---p 00000000 00:00 0 
79f00000-79f80000 rw-p 00000000 00:00 0 
79f80000-79f81000 ---p 00000000 00:00 0 
79f81000-7a009000 rw-p 00000000 00:00 0 
7a009000-7a041000 rw-p 00000000 00:00 0 
7a041000-7a052000 rw-p 00000000 00:00 0 
7a052000-7a14d000 rw-p 00000000 00:00 0 
7a14d000-7a155000 rw-p 00000000 00:00 0 
7a155000-7a18d000 rw-p 00000000 00:00 0 
7a18d000-7a19e000 rw-p 00000000 00:00 0 
7a19e000-7a299000 rw-p 00000000 00:00 0 
7a299000-7a2a2000 rw-p 00000000 00:00 0 
7a2a2000-7a31f000 rw-p 00000000 00:00 0 
7a31f000-7b320000 rw-p 00000000 00:00 0 
7b320000-82320000 rw-p 00000000 00:00 0 
82320000-844a0000 rw-p 00000000 00:00 0 
844a0000-a3b20000 rw-p 00000000 00:00 0 
a3b20000-a4be0000 rw-p 00000000 00:00 0 
a4be0000-b4720000 rw-p 00000000 00:00 0 
b4721000-b4726000 r--s 00030000 07:00 1046836    /home/jonathanmillar/workspace/jinput/dist/jinput.jar
b4726000-b472f000 rw-p 00000000 00:00 0 
b472f000-b47e6000 rw-p 00000000 00:00 0 
b47e6000-b4a26000 rwxp 00000000 00:00 0 
b4a26000-b77e6000 rw-p 00000000 00:00 0 
b77e6000-b77e9000 ---p 00000000 00:00 0 
b77e9000-b783a000 rw-p 00000000 00:00 0 
b783c000-b783e000 r--s 0000d000 07:00 1046831    /home/jonathanmillar/workspace/rxtx-2.1-7-bins-r2/RXTXcomm.jar
b783e000-b7840000 r--s 0000f000 07:00 263608     /usr/lib/jvm/java-6-openjdk/jre/lib/ext/pulse-java.jar
b7840000-b7841000 r--p 0043a000 07:00 396462     /usr/lib/locale/locale-archive
b7841000-b7849000 rw-s 00000000 07:00 540798     /tmp/hsperfdata_root/3758
b7849000-b784a000 rw-p 00000000 00:00 0 
b784a000-b784b000 r--p 00000000 00:00 0 
b784b000-b784d000 rw-p 00000000 00:00 0 
bfdf0000-bfe11000 rw-p 00000000 00:00 0          [stack]

VM Arguments:
jvm_args: -Dfile.encoding=UTF-8 
java_command: USBControllerTest
Launcher Type: SUN_STANDARD

Environment Variables:
PATH=/usr/local/sbin:/usr/local/bin:/usr/sbin:/usr/bin:/sbin:/bin:/usr/X11R6/bin
USERNAME=root
LD_LIBRARY_PATH=/usr/lib/jvm/java-6-openjdk/jre/lib/i386/server:/usr/lib/jvm/java-6-openjdk/jre/lib/i386:/usr/lib/jvm/java-6-openjdk/jre/../lib/i386:/usr/lib/jvm/java-6-openjdk/jre/lib/i386/client:/usr/lib/jvm/java-6-openjdk/jre/lib/i386:
SHELL=/bin/bash
DISPLAY=:0

Signal Handlers:
SIGSEGV: [libjvm.so+0x66a530], sa_mask[0]=0x7ffbfeff, sa_flags=0x10000004
SIGBUS: [libjvm.so+0x66a530], sa_mask[0]=0x7ffbfeff, sa_flags=0x10000004
SIGFPE: [libjvm.so+0x52e2c0], sa_mask[0]=0x7ffbfeff, sa_flags=0x10000004
SIGPIPE: [libjvm.so+0x52e2c0], sa_mask[0]=0x7ffbfeff, sa_flags=0x10000004
SIGXFSZ: [libjvm.so+0x52e2c0], sa_mask[0]=0x7ffbfeff, sa_flags=0x10000004
SIGILL: [libjvm.so+0x52e2c0], sa_mask[0]=0x7ffbfeff, sa_flags=0x10000004
SIGUSR1: SIG_DFL, sa_mask[0]=0x00000000, sa_flags=0x00000000
SIGUSR2: [libjvm.so+0x52e150], sa_mask[0]=0x00000004, sa_flags=0x10000004
SIGHUP: [libjvm.so+0x5311f0], sa_mask[0]=0x7ffbfeff, sa_flags=0x10000004
SIGINT: [libjvm.so+0x5311f0], sa_mask[0]=0x7ffbfeff, sa_flags=0x10000004
SIGTERM: [libjvm.so+0x5311f0], sa_mask[0]=0x7ffbfeff, sa_flags=0x10000004
SIGQUIT: [libjvm.so+0x5311f0], sa_mask[0]=0x7ffbfeff, sa_flags=0x10000004


---------------  S Y S T E M  ---------------

OS:Ubuntu 11.10 (oneiric)
uname:Linux 3.0.0-12-generic #20-Ubuntu SMP Fri Oct 7 14:50:42 UTC 2011 i686
libc:glibc 2.13 NPTL 2.13 
rlimit: STACK 8192k, CORE 0k, NPROC 25600, NOFILE 4096, AS infinity
load average:0.05 0.08 0.09

/proc/meminfo:
MemTotal:        3290916 kB
MemFree:          149356 kB
Buffers:          672268 kB
Cached:          1744096 kB
SwapCached:            0 kB
Active:           757756 kB
Inactive:        2248352 kB
Active(anon):     471648 kB
Inactive(anon):   122340 kB
Active(file):     286108 kB
Inactive(file):  2126012 kB
Unevictable:        1288 kB
Mlocked:               0 kB
HighTotal:       2431364 kB
HighFree:          59120 kB
LowTotal:         859552 kB
LowFree:           90236 kB
SwapTotal:        262136 kB
SwapFree:         262136 kB
Dirty:                56 kB
Writeback:             0 kB
AnonPages:        591032 kB
Mapped:           130896 kB
Shmem:              2940 kB
Slab:              56012 kB
SReclaimable:      35776 kB
SUnreclaim:        20236 kB
KernelStack:        3568 kB
PageTables:         8056 kB
NFS_Unstable:          0 kB
Bounce:                0 kB
WritebackTmp:          0 kB
CommitLimit:     1907592 kB
Committed_AS:    2629668 kB
VmallocTotal:     122880 kB
VmallocUsed:       83284 kB
VmallocChunk:      22800 kB
HardwareCorrupted:     0 kB
AnonHugePages:         0 kB
HugePages_Total:       0
HugePages_Free:        0
HugePages_Rsvd:        0
HugePages_Surp:        0
Hugepagesize:       4096 kB
DirectMap4k:       12280 kB
DirectMap4M:      897024 kB


CPU:total 8 (4 cores per cpu, 2 threads per core) family 6 model 30 stepping 5, cmov, cx8, fxsr, mmx, sse, sse2, sse3, ssse3, sse4.1, sse4.2, popcnt, ht

Memory: 4k page, physical 3290916k(149356k free), swap 262136k(262136k free)

vm_info: OpenJDK Server VM (20.0-b11) for linux-x86 JRE (1.6.0_23-b23), built on Jan 20 2012 00:40:53 by "buildd" with gcc 4.6.1

time: Sat Jan 28 19:48:53 2012
elapsed time: 61 seconds

